c:\users\wiihacker\documents\visual studio 2010\projects\rigidchipsex\rigidchipsex\release\rcmodel.obj
c:\users\wiihacker\documents\visual studio 2010\projects\rigidchipsex\rigidchipsex\release\rcex.obj
c:\users\wiihacker\documents\visual studio 2010\projects\rigidchipsex\rigidchipsex\release\glmetaseq.obj
c:\users\wiihacker\documents\visual studio 2010\projects\rigidchipsex\rigidchipsex\release\vc100.pdb
c:\users\wiihacker\documents\visual studio 2010\projects\rigidchipsex\release\rigidchipsex.exe
c:\users\wiihacker\documents\visual studio 2010\projects\rigidchipsex\rigidchipsex\release\rigidchipsex.exe.intermediate.manifest
c:\users\wiihacker\documents\visual studio 2010\projects\rigidchipsex\release\rigidchipsex.pdb
d:\source code\visual studio 2010\projects\rigidchipsex\rigidchipsex\release\vc141.pdb
d:\source code\visual studio 2010\projects\rigidchipsex\rigidchipsex\release\xfile.obj
d:\source code\visual studio 2010\projects\rigidchipsex\rigidchipsex\release\rcmodel.obj
d:\source code\visual studio 2010\projects\rigidchipsex\rigidchipsex\release\rcex.obj
d:\source code\visual studio 2010\projects\rigidchipsex\rigidchipsex\release\matrix.obj
d:\source code\visual studio 2010\projects\rigidchipsex\rigidchipsex\release\bone.obj
d:\source code\visual studio 2010\projects\rigidchipsex\rigidchipsex\release\glmetaseq.obj
d:\source code\visual studio 2010\projects\rigidchipsex\rigidchipsex\release\cl.command.1.tlog
d:\source code\visual studio 2010\projects\rigidchipsex\rigidchipsex\release\cl.read.1.tlog
d:\source code\visual studio 2010\projects\rigidchipsex\rigidchipsex\release\cl.write.1.tlog
d:\source code\visual studio 2010\projects\rigidchipsex\rigidchipsex\release\link.command.1.tlog
d:\source code\visual studio 2010\projects\rigidchipsex\rigidchipsex\release\link.read.1.tlog
d:\source code\visual studio 2010\projects\rigidchipsex\rigidchipsex\release\link.write.1.tlog
d:\source code\visual studio 2010\projects\rigidchipsex\rigidchipsex\release\mt.command.1.tlog
d:\source code\visual studio 2010\projects\rigidchipsex\rigidchipsex\release\mt.read.1.tlog
d:\source code\visual studio 2010\projects\rigidchipsex\rigidchipsex\release\mt.write.1.tlog
d:\source code\visual studio 2010\projects\rigidchipsex\rigidchipsex\release\rigidchipsex.write.1.tlog
d:\source code\visual studio 2010\projects\rigidchipsex\rigidchipsex\release\rigidchipsex.exe.intermediate.manifest
d:\source code\visual studio 2010\projects\rigidchipsex\rigidchipsex\release\vc100.pdb
d:\source code\visual studio 2010\projects\rigidchipsex\release\rigidchipsex.pdb
d:\source code\visual studio 2010\projects\rigidchipsex\rigidchipsex\release\rigidchipsex.tlog\cl.command.1.tlog
d:\source code\visual studio 2010\projects\rigidchipsex\rigidchipsex\release\rigidchipsex.tlog\cl.read.1.tlog
d:\source code\visual studio 2010\projects\rigidchipsex\rigidchipsex\release\rigidchipsex.tlog\cl.write.1.tlog
d:\source code\visual studio 2010\projects\rigidchipsex\rigidchipsex\release\rigidchipsex.tlog\link-cvtres.read.1.tlog
d:\source code\visual studio 2010\projects\rigidchipsex\rigidchipsex\release\rigidchipsex.tlog\link-cvtres.write.1.tlog
d:\source code\visual studio 2010\projects\rigidchipsex\rigidchipsex\release\rigidchipsex.tlog\link-rc.read.1.tlog
d:\source code\visual studio 2010\projects\rigidchipsex\rigidchipsex\release\rigidchipsex.tlog\link-rc.write.1.tlog
d:\source code\visual studio 2010\projects\rigidchipsex\rigidchipsex\release\rigidchipsex.tlog\link.command.1.tlog
d:\source code\visual studio 2010\projects\rigidchipsex\rigidchipsex\release\rigidchipsex.tlog\link.read.1.tlog
d:\source code\visual studio 2010\projects\rigidchipsex\rigidchipsex\release\rigidchipsex.tlog\link.write.1.tlog
