d:\source code\visual studio 2010\projects\rigidchipsex\rigidchipsex\debug\vc141.pdb
d:\source code\visual studio 2010\projects\rigidchipsex\rigidchipsex\debug\vc141.idb
d:\source code\visual studio 2010\projects\rigidchipsex\rigidchipsex\debug\bone.obj
d:\source code\visual studio 2010\projects\rigidchipsex\rigidchipsex\debug\matrix.obj
d:\source code\visual studio 2010\projects\rigidchipsex\rigidchipsex\debug\rcex.obj
d:\source code\visual studio 2010\projects\rigidchipsex\rigidchipsex\debug\rcmodel.obj
d:\source code\visual studio 2010\projects\rigidchipsex\rigidchipsex\debug\xfile.obj
d:\source code\visual studio 2010\projects\rigidchipsex\debug\rigidchipsex.exe
d:\source code\visual studio 2010\projects\rigidchipsex\debug\rigidchipsex.ilk
d:\source code\visual studio 2010\projects\rigidchipsex\debug\rigidchipsex.pdb
d:\source code\visual studio 2010\projects\rigidchipsex\rigidchipsex\debug\rigidchipsex.tlog\cl.command.1.tlog
d:\source code\visual studio 2010\projects\rigidchipsex\rigidchipsex\debug\rigidchipsex.tlog\cl.read.1.tlog
d:\source code\visual studio 2010\projects\rigidchipsex\rigidchipsex\debug\rigidchipsex.tlog\cl.write.1.tlog
d:\source code\visual studio 2010\projects\rigidchipsex\rigidchipsex\debug\rigidchipsex.tlog\link-cvtres.read.1.tlog
d:\source code\visual studio 2010\projects\rigidchipsex\rigidchipsex\debug\rigidchipsex.tlog\link-cvtres.write.1.tlog
d:\source code\visual studio 2010\projects\rigidchipsex\rigidchipsex\debug\rigidchipsex.tlog\link-rc.read.1.tlog
d:\source code\visual studio 2010\projects\rigidchipsex\rigidchipsex\debug\rigidchipsex.tlog\link-rc.write.1.tlog
d:\source code\visual studio 2010\projects\rigidchipsex\rigidchipsex\debug\rigidchipsex.tlog\link.16612-cvtres.read.1.tlog
d:\source code\visual studio 2010\projects\rigidchipsex\rigidchipsex\debug\rigidchipsex.tlog\link.16612-cvtres.write.1.tlog
d:\source code\visual studio 2010\projects\rigidchipsex\rigidchipsex\debug\rigidchipsex.tlog\link.16612-rc.read.1.tlog
d:\source code\visual studio 2010\projects\rigidchipsex\rigidchipsex\debug\rigidchipsex.tlog\link.16612-rc.write.1.tlog
d:\source code\visual studio 2010\projects\rigidchipsex\rigidchipsex\debug\rigidchipsex.tlog\link.16612.read.1.tlog
d:\source code\visual studio 2010\projects\rigidchipsex\rigidchipsex\debug\rigidchipsex.tlog\link.16612.write.1.tlog
d:\source code\visual studio 2010\projects\rigidchipsex\rigidchipsex\debug\rigidchipsex.tlog\link.command.1.tlog
d:\source code\visual studio 2010\projects\rigidchipsex\rigidchipsex\debug\rigidchipsex.tlog\link.read.1.tlog
d:\source code\visual studio 2010\projects\rigidchipsex\rigidchipsex\debug\rigidchipsex.tlog\link.write.1.tlog
